2024-12-13 22:00:49.305 | INFO     | __main__:main:889 - СТАРТ РАБОТЫ БОТА
2024-12-13 22:00:49.306 | INFO     | __main__:main:896 - Инициализация бота для пользователя 860236680501
2024-12-13 22:00:49.308 | INFO     | __main__:init_browser:45 - Начинаем запуск браузера...
2024-12-13 22:00:49.825 | INFO     | __main__:init_browser:49 - Playwright запущен
2024-12-13 22:00:50.095 | INFO     | __main__:init_browser:55 - Браузер запущен
2024-12-13 22:00:50.354 | INFO     | __main__:init_browser:63 - Страница создана
2024-12-13 22:00:50.371 | WARNING  | __main__:load_cookies:147 - Файл cookies не найден: C:\Disc\Projects\variant.name\megabot\megabot_py\users_data\cookies\860236680501\wb_cookies.json
2024-12-13 22:00:51.757 | INFO     | __main__:init_browser:74 - Перешли на сайт WB
2024-12-13 22:00:51.758 | INFO     | __main__:check_auth_status:321 - Проверяем статус авторизации...
2024-12-13 22:01:21.895 | INFO     | __main__:check_auth_status:349 - Не авторизован. Попытка 1/5
2024-12-13 22:01:31.559 | INFO     | __main__:check_auth_status:335 - Авторизация успешна
2024-12-13 22:01:39.928 | INFO     | __main__:validate_user_id:397 - ИНН подтвержден: 860236680501
2024-12-13 22:01:39.928 | INFO     | __main__:save_cookies:124 - Cookies сохранены в C:\Disc\Projects\variant.name\megabot\megabot_py\users_data\cookies\860236680501\wb_cookies.json
2024-12-13 22:01:39.928 | INFO     | __main__:check_auth_status:340 - Cookies успешно сохранены после авторизации
2024-12-13 22:01:39.928 | INFO     | __main__:create_supply:155 - Начинаем создание поставок для пользователя 860236680501
2024-12-13 22:01:41.012 | INFO     | __main__:validate_supply_data:432 - Проверяем данные заказа 33373903
2024-12-13 22:01:41.013 | INFO     | __main__:monitor_popups:286 - 33373903 - Запущен мониторинг попапов для 
2024-12-13 22:01:41.014 | INFO     | __main__:check_popups:301 - 33373903 - Проверяем наличие попапов
2024-12-13 22:01:41.540 | INFO     | __main__:validate_user_id:397 - ИНН подтвержден: 860236680501
2024-12-13 22:01:49.948 | INFO     | __main__:validate_supply_data:457 - ID заказа 33373903 подтвержден
2024-12-13 22:01:49.948 | INFO     | __main__:open_calendar:483 - Открываем календарь для заказа 33373903
2024-12-13 22:01:50.035 | INFO     | __main__:open_calendar:506 - Кликнули по кнопке планирования - 33373903
2024-12-13 22:01:50.079 | INFO     | __main__:check_popups:301 - 33373903 - Проверяем наличие попапов
2024-12-13 22:01:50.269 | INFO     | __main__:open_calendar:516 - Календарь открыт - 33373903
2024-12-13 22:01:50.771 | INFO     | __main__:get_target_dates:547 - Получаем целевые даты для поставки 33373903
2024-12-13 22:01:51.095 | INFO     | __main__:check_popups:311 - 33373903 - Обнаружен активный попап: cookies
2024-12-13 22:01:51.125 | INFO     | __main__:check_popups:315 - 33373903 - Попап cookies закрыт
2024-12-13 22:01:51.358 | INFO     | __main__:get_target_dates:565 - Даты из календаря WB: ['13 декабря', '14 декабря', '15 декабря', '16 декабря', '17 декабря', '18 декабря', '19 декабря', '20 декабря', '21 декабря', '22 декабря', '23 декабря', '24 декабря', '25 декабря', '26 декабря', '27 декабря', '28 декабря', '29 декабря', '30 декабря', '31 декабря', '1 января', '2 января', '3 января', '4 января', '5 января', '6 января', '7 января', '8 января', '9 января', '10 января', '11 января']
2024-12-13 22:01:51.361 | INFO     | __main__:get_target_dates:574 - Отфильтрованные даты для 33373903: ['23 декабря', '24 декабря', '25 декабря', '26 декабря', '27 декабря', '28 декабря', '29 декабря']
2024-12-13 22:01:51.362 | INFO     | __main__:process_target_dates:602 - 33373903 - Режим: SPECIFIC_DATES, Приоритет: BY_CLOSEST_DATE
2024-12-13 22:01:51.363 | INFO     | __main__:process_target_dates:607 - Обрабатываем даты для 33373903
2024-12-13 22:01:51.364 | INFO     | __main__:process_target_dates:612 - 33373903 - Найдена активная дата: 23 декабря
2024-12-13 22:01:51.388 | WARNING  | __main__:process_target_dates:632 - 33373903 - Дата 23 декабря недоступна для бронирования
2024-12-13 22:01:51.389 | INFO     | __main__:process_target_dates:612 - 33373903 - Найдена активная дата: 24 декабря
2024-12-13 22:01:51.409 | WARNING  | __main__:process_target_dates:632 - 33373903 - Дата 24 декабря недоступна для бронирования
2024-12-13 22:01:51.410 | INFO     | __main__:process_target_dates:612 - 33373903 - Найдена активная дата: 25 декабря
2024-12-13 22:01:51.432 | WARNING  | __main__:process_target_dates:632 - 33373903 - Дата 25 декабря недоступна для бронирования
2024-12-13 22:01:51.433 | INFO     | __main__:process_target_dates:612 - 33373903 - Найдена активная дата: 26 декабря
2024-12-13 22:01:51.452 | WARNING  | __main__:process_target_dates:632 - 33373903 - Дата 26 декабря недоступна для бронирования
2024-12-13 22:01:51.453 | INFO     | __main__:process_target_dates:612 - 33373903 - Найдена активная дата: 27 декабря
2024-12-13 22:01:51.473 | WARNING  | __main__:process_target_dates:632 - 33373903 - Дата 27 декабря недоступна для бронирования
2024-12-13 22:01:51.474 | INFO     | __main__:process_target_dates:612 - 33373903 - Найдена активная дата: 28 декабря
2024-12-13 22:01:51.494 | WARNING  | __main__:process_target_dates:632 - 33373903 - Дата 28 декабря недоступна для бронирования
2024-12-13 22:01:51.495 | INFO     | __main__:process_target_dates:612 - 33373903 - Найдена активная дата: 29 декабря
2024-12-13 22:01:51.516 | WARNING  | __main__:process_target_dates:632 - 33373903 - Дата 29 декабря недоступна для бронирования
2024-12-13 22:01:51.517 | ERROR    | __main__:process_target_dates:676 - 33373903 - Не найдено подходящих дат
2024-12-13 22:01:51.517 | INFO     | __main__:close_calendar:719 - 33373903 - Закрываем календарь
2024-12-13 22:01:51.690 | INFO     | __main__:close_calendar:735 - 33373903 - Календарь закрыт
2024-12-13 22:01:56.712 | INFO     | __main__:open_calendar:483 - Открываем календарь для заказа 33373903
2024-12-13 22:01:56.798 | INFO     | __main__:open_calendar:506 - Кликнули по кнопке планирования - 33373903
2024-12-13 22:01:57.017 | INFO     | __main__:open_calendar:516 - Календарь открыт - 33373903
2024-12-13 22:01:57.524 | INFO     | __main__:get_target_dates:547 - Получаем целевые даты для поставки 33373903
2024-12-13 22:01:58.108 | INFO     | __main__:get_target_dates:565 - Даты из календаря WB: ['13 декабря', '14 декабря', '15 декабря', '16 декабря', '17 декабря', '18 декабря', '19 декабря', '20 декабря', '21 декабря', '22 декабря', '23 декабря', '24 декабря', '25 декабря', '26 декабря', '27 декабря', '28 декабря', '29 декабря', '30 декабря', '31 декабря', '1 января', '2 января', '3 января', '4 января', '5 января', '6 января', '7 января', '8 января', '9 января', '10 января', '11 января']
2024-12-13 22:01:58.108 | INFO     | __main__:get_target_dates:574 - Отфильтрованные даты для 33373903: ['23 декабря', '24 декабря', '25 декабря', '26 декабря', '27 декабря', '28 декабря', '29 декабря']
2024-12-13 22:01:58.108 | INFO     | __main__:process_target_dates:602 - 33373903 - Режим: SPECIFIC_DATES, Приоритет: BY_CLOSEST_DATE
2024-12-13 22:01:58.108 | INFO     | __main__:process_target_dates:607 - Обрабатываем даты для 33373903
2024-12-13 22:01:58.108 | INFO     | __main__:process_target_dates:612 - 33373903 - Найдена активная дата: 23 декабря
2024-12-13 22:01:58.130 | WARNING  | __main__:process_target_dates:632 - 33373903 - Дата 23 декабря недоступна для бронирования
2024-12-13 22:01:58.130 | INFO     | __main__:process_target_dates:612 - 33373903 - Найдена активная дата: 24 декабря
2024-12-13 22:01:58.160 | WARNING  | __main__:process_target_dates:632 - 33373903 - Дата 24 декабря недоступна для бронирования
2024-12-13 22:01:58.161 | INFO     | __main__:process_target_dates:612 - 33373903 - Найдена активная дата: 25 декабря
2024-12-13 22:01:58.183 | WARNING  | __main__:process_target_dates:632 - 33373903 - Дата 25 декабря недоступна для бронирования
2024-12-13 22:01:58.184 | INFO     | __main__:process_target_dates:612 - 33373903 - Найдена активная дата: 26 декабря
2024-12-13 22:01:58.207 | WARNING  | __main__:process_target_dates:632 - 33373903 - Дата 26 декабря недоступна для бронирования
2024-12-13 22:01:58.208 | INFO     | __main__:process_target_dates:612 - 33373903 - Найдена активная дата: 27 декабря
2024-12-13 22:01:58.227 | WARNING  | __main__:process_target_dates:632 - 33373903 - Дата 27 декабря недоступна для бронирования
2024-12-13 22:01:58.228 | INFO     | __main__:process_target_dates:612 - 33373903 - Найдена активная дата: 28 декабря
2024-12-13 22:01:58.246 | WARNING  | __main__:process_target_dates:632 - 33373903 - Дата 28 декабря недоступна для бронирования
2024-12-13 22:01:58.247 | INFO     | __main__:process_target_dates:612 - 33373903 - Найдена активная дата: 29 декабря
2024-12-13 22:01:58.266 | WARNING  | __main__:process_target_dates:632 - 33373903 - Дата 29 декабря недоступна для бронирования
2024-12-13 22:01:58.266 | ERROR    | __main__:process_target_dates:676 - 33373903 - Не найдено подходящих дат
2024-12-13 22:01:58.266 | INFO     | __main__:close_calendar:719 - 33373903 - Закрываем календарь
2024-12-13 22:01:58.436 | INFO     | __main__:close_calendar:735 - 33373903 - Календарь закрыт
2024-12-13 22:02:03.448 | INFO     | __main__:open_calendar:483 - Открываем календарь для заказа 33373903
2024-12-13 22:02:03.513 | INFO     | __main__:open_calendar:506 - Кликнули по кнопке планирования - 33373903
2024-12-13 22:02:03.738 | INFO     | __main__:open_calendar:516 - Календарь открыт - 33373903
2024-12-13 22:02:04.240 | INFO     | __main__:get_target_dates:547 - Получаем целевые даты для поставки 33373903
2024-12-13 22:02:04.785 | INFO     | __main__:get_target_dates:565 - Даты из календаря WB: ['13 декабря', '14 декабря', '15 декабря', '16 декабря', '17 декабря', '18 декабря', '19 декабря', '20 декабря', '21 декабря', '22 декабря', '23 декабря', '24 декабря', '25 декабря', '26 декабря', '27 декабря', '28 декабря', '29 декабря', '30 декабря', '31 декабря', '1 января', '2 января', '3 января', '4 января', '5 января', '6 января', '7 января', '8 января', '9 января', '10 января', '11 января']
2024-12-13 22:02:04.786 | INFO     | __main__:get_target_dates:574 - Отфильтрованные даты для 33373903: ['23 декабря', '24 декабря', '25 декабря', '26 декабря', '27 декабря', '28 декабря', '29 декабря']
2024-12-13 22:02:04.787 | INFO     | __main__:process_target_dates:602 - 33373903 - Режим: SPECIFIC_DATES, Приоритет: BY_CLOSEST_DATE
2024-12-13 22:02:04.787 | INFO     | __main__:process_target_dates:607 - Обрабатываем даты для 33373903
2024-12-13 22:02:04.788 | INFO     | __main__:process_target_dates:612 - 33373903 - Найдена активная дата: 23 декабря
2024-12-13 22:02:04.804 | WARNING  | __main__:process_target_dates:632 - 33373903 - Дата 23 декабря недоступна для бронирования
2024-12-13 22:02:04.805 | INFO     | __main__:process_target_dates:612 - 33373903 - Найдена активная дата: 24 декабря
2024-12-13 22:02:04.822 | WARNING  | __main__:process_target_dates:632 - 33373903 - Дата 24 декабря недоступна для бронирования
2024-12-13 22:02:04.823 | INFO     | __main__:process_target_dates:612 - 33373903 - Найдена активная дата: 25 декабря
2024-12-13 22:02:04.842 | WARNING  | __main__:process_target_dates:632 - 33373903 - Дата 25 декабря недоступна для бронирования
2024-12-13 22:02:04.843 | INFO     | __main__:process_target_dates:612 - 33373903 - Найдена активная дата: 26 декабря
2024-12-13 22:02:04.862 | WARNING  | __main__:process_target_dates:632 - 33373903 - Дата 26 декабря недоступна для бронирования
2024-12-13 22:02:04.863 | INFO     | __main__:process_target_dates:612 - 33373903 - Найдена активная дата: 27 декабря
2024-12-13 22:02:04.882 | WARNING  | __main__:process_target_dates:632 - 33373903 - Дата 27 декабря недоступна для бронирования
2024-12-13 22:02:04.883 | INFO     | __main__:process_target_dates:612 - 33373903 - Найдена активная дата: 28 декабря
2024-12-13 22:02:04.906 | WARNING  | __main__:process_target_dates:632 - 33373903 - Дата 28 декабря недоступна для бронирования
2024-12-13 22:02:04.907 | INFO     | __main__:process_target_dates:612 - 33373903 - Найдена активная дата: 29 декабря
2024-12-13 22:02:04.933 | WARNING  | __main__:process_target_dates:632 - 33373903 - Дата 29 декабря недоступна для бронирования
2024-12-13 22:02:04.934 | ERROR    | __main__:process_target_dates:676 - 33373903 - Не найдено подходящих дат
2024-12-13 22:02:04.935 | INFO     | __main__:close_calendar:719 - 33373903 - Закрываем календарь
2024-12-13 22:02:05.104 | INFO     | __main__:close_calendar:735 - 33373903 - Календарь закрыт
2024-12-13 22:02:10.103 | INFO     | __main__:open_calendar:483 - Открываем календарь для заказа 33373903
2024-12-13 22:02:10.174 | INFO     | __main__:open_calendar:506 - Кликнули по кнопке планирования - 33373903
2024-12-13 22:02:10.391 | INFO     | __main__:open_calendar:516 - Календарь открыт - 33373903
2024-12-13 22:02:10.895 | INFO     | __main__:get_target_dates:547 - Получаем целевые даты для поставки 33373903
2024-12-13 22:02:11.506 | INFO     | __main__:get_target_dates:565 - Даты из календаря WB: ['13 декабря', '14 декабря', '15 декабря', '16 декабря', '17 декабря', '18 декабря', '19 декабря', '20 декабря', '21 декабря', '22 декабря', '23 декабря', '24 декабря', '25 декабря', '26 декабря', '27 декабря', '28 декабря', '29 декабря', '30 декабря', '31 декабря', '1 января', '2 января', '3 января', '4 января', '5 января', '6 января', '7 января', '8 января', '9 января', '10 января', '11 января']
2024-12-13 22:02:11.507 | INFO     | __main__:get_target_dates:574 - Отфильтрованные даты для 33373903: ['23 декабря', '24 декабря', '25 декабря', '26 декабря', '27 декабря', '28 декабря', '29 декабря']
2024-12-13 22:02:11.508 | INFO     | __main__:process_target_dates:602 - 33373903 - Режим: SPECIFIC_DATES, Приоритет: BY_CLOSEST_DATE
2024-12-13 22:02:11.509 | INFO     | __main__:process_target_dates:607 - Обрабатываем даты для 33373903
2024-12-13 22:02:11.509 | INFO     | __main__:process_target_dates:612 - 33373903 - Найдена активная дата: 23 декабря
2024-12-13 22:02:11.528 | WARNING  | __main__:process_target_dates:632 - 33373903 - Дата 23 декабря недоступна для бронирования
2024-12-13 22:02:11.529 | INFO     | __main__:process_target_dates:612 - 33373903 - Найдена активная дата: 24 декабря
2024-12-13 22:02:11.549 | WARNING  | __main__:process_target_dates:632 - 33373903 - Дата 24 декабря недоступна для бронирования
2024-12-13 22:02:11.550 | INFO     | __main__:process_target_dates:612 - 33373903 - Найдена активная дата: 25 декабря
2024-12-13 22:02:11.568 | WARNING  | __main__:process_target_dates:632 - 33373903 - Дата 25 декабря недоступна для бронирования
2024-12-13 22:02:11.569 | INFO     | __main__:process_target_dates:612 - 33373903 - Найдена активная дата: 26 декабря
2024-12-13 22:02:11.589 | WARNING  | __main__:process_target_dates:632 - 33373903 - Дата 26 декабря недоступна для бронирования
2024-12-13 22:02:11.590 | INFO     | __main__:process_target_dates:612 - 33373903 - Найдена активная дата: 27 декабря
2024-12-13 22:02:11.609 | WARNING  | __main__:process_target_dates:632 - 33373903 - Дата 27 декабря недоступна для бронирования
2024-12-13 22:02:11.610 | INFO     | __main__:process_target_dates:612 - 33373903 - Найдена активная дата: 28 декабря
2024-12-13 22:02:11.629 | WARNING  | __main__:process_target_dates:632 - 33373903 - Дата 28 декабря недоступна для бронирования
2024-12-13 22:02:11.629 | INFO     | __main__:process_target_dates:612 - 33373903 - Найдена активная дата: 29 декабря
2024-12-13 22:02:11.647 | WARNING  | __main__:process_target_dates:632 - 33373903 - Дата 29 декабря недоступна для бронирования
2024-12-13 22:02:11.647 | ERROR    | __main__:process_target_dates:676 - 33373903 - Не найдено подходящих дат
2024-12-13 22:02:11.648 | INFO     | __main__:close_calendar:719 - 33373903 - Закрываем календарь
2024-12-13 22:02:12.803 | INFO     | __main__:close_calendar:735 - 33373903 - Календарь закрыт
2024-12-13 22:02:17.803 | INFO     | __main__:open_calendar:483 - Открываем календарь для заказа 33373903
2024-12-13 22:02:17.809 | ERROR    | __main__:open_calendar:527 - Попытка 1: Ошибка открытия календаря - 33373903: Page.wait_for_selector: Target page, context or browser has been closed
2024-12-13 22:02:18.317 | ERROR    | __main__:open_calendar:527 - Попытка 2: Ошибка открытия календаря - 33373903: Page.wait_for_selector: Target page, context or browser has been closed
2024-12-13 22:02:18.832 | ERROR    | __main__:open_calendar:527 - Попытка 3: Ошибка открытия календаря - 33373903: Page.wait_for_selector: Target page, context or browser has been closed
2024-12-13 22:02:19.341 | ERROR    | __main__:open_calendar:534 - Не удалось открыть календарь после 3 попыток - 33373903
2024-12-13 22:02:20.121 | INFO     | __main__:validate_supply_data:432 - Проверяем данные заказа 33373903
2024-12-13 22:02:20.121 | INFO     | __main__:monitor_popups:286 - 33373903 - Запущен мониторинг попапов для 
2024-12-13 22:02:20.122 | INFO     | __main__:check_popups:301 - 33373903 - Проверяем наличие попапов
2024-12-13 22:02:21.755 | INFO     | __main__:validate_supply_data:457 - ID заказа 33373903 подтвержден
2024-12-13 22:02:21.756 | INFO     | __main__:open_calendar:483 - Открываем календарь для заказа 33373903
2024-12-13 22:02:21.851 | INFO     | __main__:open_calendar:506 - Кликнули по кнопке планирования - 33373903
2024-12-13 22:02:21.972 | INFO     | __main__:open_calendar:516 - Календарь открыт - 33373903
2024-12-13 22:02:22.488 | INFO     | __main__:get_target_dates:547 - Получаем целевые даты для поставки 33373903
2024-12-13 22:02:23.135 | INFO     | __main__:get_target_dates:565 - Даты из календаря WB: ['13 декабря', '14 декабря', '15 декабря', '16 декабря', '17 декабря', '18 декабря', '19 декабря', '20 декабря', '21 декабря', '22 декабря', '23 декабря', '24 декабря', '25 декабря', '26 декабря', '27 декабря', '28 декабря', '29 декабря', '30 декабря', '31 декабря', '1 января', '2 января', '3 января', '4 января', '5 января', '6 января', '7 января', '8 января', '9 января', '10 января', '11 января']
2024-12-13 22:02:23.136 | INFO     | __main__:get_target_dates:574 - Отфильтрованные даты для 33373903: ['23 декабря', '24 декабря', '25 декабря', '26 декабря', '27 декабря', '28 декабря', '29 декабря']
2024-12-13 22:02:23.137 | INFO     | __main__:process_target_dates:602 - 33373903 - Режим: SPECIFIC_DATES, Приоритет: BY_CLOSEST_DATE
2024-12-13 22:02:23.138 | INFO     | __main__:process_target_dates:607 - Обрабатываем даты для 33373903
2024-12-13 22:02:23.138 | INFO     | __main__:process_target_dates:612 - 33373903 - Найдена активная дата: 23 декабря
2024-12-13 22:02:23.170 | WARNING  | __main__:process_target_dates:632 - 33373903 - Дата 23 декабря недоступна для бронирования
2024-12-13 22:02:23.170 | INFO     | __main__:process_target_dates:612 - 33373903 - Найдена активная дата: 24 декабря
2024-12-13 22:02:23.199 | WARNING  | __main__:process_target_dates:632 - 33373903 - Дата 24 декабря недоступна для бронирования
2024-12-13 22:02:23.200 | INFO     | __main__:process_target_dates:612 - 33373903 - Найдена активная дата: 25 декабря
2024-12-13 22:02:23.226 | WARNING  | __main__:process_target_dates:632 - 33373903 - Дата 25 декабря недоступна для бронирования
2024-12-13 22:02:23.227 | INFO     | __main__:process_target_dates:612 - 33373903 - Найдена активная дата: 26 декабря
2024-12-13 22:02:23.248 | WARNING  | __main__:process_target_dates:632 - 33373903 - Дата 26 декабря недоступна для бронирования
2024-12-13 22:02:23.248 | INFO     | __main__:process_target_dates:612 - 33373903 - Найдена активная дата: 27 декабря
2024-12-13 22:02:23.270 | WARNING  | __main__:process_target_dates:632 - 33373903 - Дата 27 декабря недоступна для бронирования
2024-12-13 22:02:23.271 | INFO     | __main__:process_target_dates:612 - 33373903 - Найдена активная дата: 28 декабря
2024-12-13 22:02:23.292 | WARNING  | __main__:process_target_dates:632 - 33373903 - Дата 28 декабря недоступна для бронирования
2024-12-13 22:02:23.292 | INFO     | __main__:process_target_dates:612 - 33373903 - Найдена активная дата: 29 декабря
2024-12-13 22:02:23.312 | WARNING  | __main__:process_target_dates:632 - 33373903 - Дата 29 декабря недоступна для бронирования
2024-12-13 22:02:23.313 | ERROR    | __main__:process_target_dates:676 - 33373903 - Не найдено подходящих дат
2024-12-13 22:02:23.314 | INFO     | __main__:close_calendar:719 - 33373903 - Закрываем календарь
2024-12-13 22:02:23.471 | INFO     | __main__:close_calendar:735 - 33373903 - Календарь закрыт
2024-12-13 22:02:28.488 | INFO     | __main__:open_calendar:483 - Открываем календарь для заказа 33373903
2024-12-13 22:02:31.743 | INFO     | __main__:open_calendar:506 - Кликнули по кнопке планирования - 33373903
2024-12-13 22:02:31.857 | INFO     | __main__:open_calendar:516 - Календарь открыт - 33373903
2024-12-13 22:02:32.359 | INFO     | __main__:get_target_dates:547 - Получаем целевые даты для поставки 33373903
2024-12-13 22:02:32.928 | INFO     | __main__:get_target_dates:565 - Даты из календаря WB: ['13 декабря', '14 декабря', '15 декабря', '16 декабря', '17 декабря', '18 декабря', '19 декабря', '20 декабря', '21 декабря', '22 декабря', '23 декабря', '24 декабря', '25 декабря', '26 декабря', '27 декабря', '28 декабря', '29 декабря', '30 декабря', '31 декабря', '1 января', '2 января', '3 января', '4 января', '5 января', '6 января', '7 января', '8 января', '9 января', '10 января', '11 января']
2024-12-13 22:02:32.929 | INFO     | __main__:get_target_dates:574 - Отфильтрованные даты для 33373903: ['23 декабря', '24 декабря', '25 декабря', '26 декабря', '27 декабря', '28 декабря', '29 декабря']
2024-12-13 22:02:32.929 | INFO     | __main__:process_target_dates:602 - 33373903 - Режим: SPECIFIC_DATES, Приоритет: BY_CLOSEST_DATE
2024-12-13 22:02:32.930 | INFO     | __main__:process_target_dates:607 - Обрабатываем даты для 33373903
2024-12-13 22:02:32.930 | INFO     | __main__:process_target_dates:612 - 33373903 - Найдена активная дата: 23 декабря
2024-12-13 22:02:32.948 | WARNING  | __main__:process_target_dates:632 - 33373903 - Дата 23 декабря недоступна для бронирования
2024-12-13 22:02:32.949 | INFO     | __main__:process_target_dates:612 - 33373903 - Найдена активная дата: 24 декабря
2024-12-13 22:02:32.968 | WARNING  | __main__:process_target_dates:632 - 33373903 - Дата 24 декабря недоступна для бронирования
2024-12-13 22:02:32.969 | INFO     | __main__:process_target_dates:612 - 33373903 - Найдена активная дата: 25 декабря
2024-12-13 22:02:32.988 | WARNING  | __main__:process_target_dates:632 - 33373903 - Дата 25 декабря недоступна для бронирования
2024-12-13 22:02:32.988 | INFO     | __main__:process_target_dates:612 - 33373903 - Найдена активная дата: 26 декабря
2024-12-13 22:02:33.009 | WARNING  | __main__:process_target_dates:632 - 33373903 - Дата 26 декабря недоступна для бронирования
2024-12-13 22:02:33.010 | INFO     | __main__:process_target_dates:612 - 33373903 - Найдена активная дата: 27 декабря
2024-12-13 22:02:33.029 | WARNING  | __main__:process_target_dates:632 - 33373903 - Дата 27 декабря недоступна для бронирования
2024-12-13 22:02:33.030 | INFO     | __main__:process_target_dates:612 - 33373903 - Найдена активная дата: 28 декабря
2024-12-13 22:02:33.048 | WARNING  | __main__:process_target_dates:632 - 33373903 - Дата 28 декабря недоступна для бронирования
2024-12-13 22:02:33.049 | INFO     | __main__:process_target_dates:612 - 33373903 - Найдена активная дата: 29 декабря
2024-12-13 22:02:33.073 | WARNING  | __main__:process_target_dates:632 - 33373903 - Дата 29 декабря недоступна для бронирования
2024-12-13 22:02:33.074 | ERROR    | __main__:process_target_dates:676 - 33373903 - Не найдено подходящих дат
2024-12-13 22:02:33.074 | INFO     | __main__:close_calendar:719 - 33373903 - Закрываем календарь
2024-12-13 22:02:33.241 | INFO     | __main__:close_calendar:735 - 33373903 - Календарь закрыт
2024-12-13 22:02:34.952 | ERROR    | __main__:close:102 - Ошибка при закрытии ресурсов: Browser.close: Connection closed while reading from the driver
2024-12-13 22:02:34.952 | INFO     | __main__:main:916 - ЗАВЕРШЕНИЕ РАБОТЫ БОТА
