2024-12-10 02:22:50,547 | Запускаем тест потребления ресурсов
2024-12-10 02:22:50,547 | Начинаем мониторинг ресурсов
2024-12-10 02:23:01,136 | === Текущие метрики ===
CPU: 0.0%
RAM: 39.4 MB
Диск чтение: 1.2 MB
Диск запись: 0.0 MB
Сеть входящий: 2.7 MB
Сеть исходящий: 3.2 MB
Потоки: 10
Время работы: 0.2 мин
2024-12-10 02:23:11,137 | === Текущие метрики ===
CPU: 0.8%
RAM: 40.0 MB
Диск чтение: 1.3 MB
Диск запись: 0.0 MB
Сеть входящий: 7.3 MB
Сеть исходящий: 4.8 MB
Потоки: 10
Время работы: 0.3 мин
2024-12-10 02:23:21,179 | === Текущие метрики ===
CPU: 0.3%
RAM: 40.0 MB
Диск чтение: 1.3 MB
Диск запись: 0.1 MB
Сеть входящий: 7.4 MB
Сеть исходящий: 7.3 MB
Потоки: 10
Время работы: 0.5 мин
2024-12-10 02:23:31,193 | === Текущие метрики ===
CPU: 0.5%
RAM: 40.2 MB
Диск чтение: 1.3 MB
Диск запись: 0.1 MB
Сеть входящий: 7.5 MB
Сеть исходящий: 9.3 MB
Потоки: 10
Время работы: 0.7 мин
2024-12-10 02:23:41,228 | === Текущие метрики ===
CPU: 0.3%
RAM: 40.4 MB
Диск чтение: 1.3 MB
Диск запись: 0.1 MB
Сеть входящий: 7.6 MB
Сеть исходящий: 11.5 MB
Потоки: 10
Время работы: 0.8 мин
2024-12-10 02:23:51,269 | === Текущие метрики ===
CPU: 0.2%
RAM: 40.4 MB
Диск чтение: 1.3 MB
Диск запись: 0.1 MB
Сеть входящий: 7.8 MB
Сеть исходящий: 13.7 MB
Потоки: 8
Время работы: 1.0 мин
2024-12-10 02:24:01,301 | === Текущие метрики ===
CPU: 1.4%
RAM: 40.7 MB
Диск чтение: 1.4 MB
Диск запись: 0.1 MB
Сеть входящий: 7.9 MB
Сеть исходящий: 15.7 MB
Потоки: 8
Время работы: 1.2 мин
2024-12-10 02:24:11,307 | === Текущие метрики ===
CPU: 0.9%
RAM: 40.9 MB
Диск чтение: 1.4 MB
Диск запись: 0.2 MB
Сеть входящий: 8.0 MB
Сеть исходящий: 18.8 MB
Потоки: 8
Время работы: 1.3 мин
2024-12-10 02:24:21,327 | === Текущие метрики ===
CPU: 0.0%
RAM: 40.9 MB
Диск чтение: 1.4 MB
Диск запись: 0.2 MB
Сеть входящий: 8.1 MB
Сеть исходящий: 20.0 MB
Потоки: 8
Время работы: 1.5 мин
2024-12-10 02:24:31,367 | === Текущие метрики ===
CPU: 3.3%
RAM: 41.1 MB
Диск чтение: 1.4 MB
Диск запись: 0.2 MB
Сеть входящий: 8.3 MB
Сеть исходящий: 22.5 MB
Потоки: 8
Время работы: 1.7 мин
2024-12-10 02:24:41,392 | === Текущие метрики ===
CPU: 0.9%
RAM: 41.4 MB
Диск чтение: 1.5 MB
Диск запись: 0.2 MB
Сеть входящий: 8.4 MB
Сеть исходящий: 23.7 MB
Потоки: 8
Время работы: 1.8 мин
2024-12-10 02:24:51,415 | === Текущие метрики ===
CPU: 0.0%
RAM: 41.4 MB
Диск чтение: 1.5 MB
Диск запись: 0.2 MB
Сеть входящий: 8.5 MB
Сеть исходящий: 26.4 MB
Потоки: 8
Время работы: 2.0 мин
2024-12-10 02:25:01,423 | === Текущие метрики ===
CPU: 0.2%
RAM: 41.6 MB
Диск чтение: 1.5 MB
Диск запись: 0.2 MB
Сеть входящий: 8.6 MB
Сеть исходящий: 27.6 MB
Потоки: 8
Время работы: 2.2 мин
2024-12-10 02:25:11,455 | === Текущие метрики ===
CPU: 0.3%
RAM: 42.4 MB
Диск чтение: 1.5 MB
Диск запись: 0.3 MB
Сеть входящий: 9.2 MB
Сеть исходящий: 30.0 MB
Потоки: 8
Время работы: 2.3 мин
2024-12-10 02:25:21,499 | === Текущие метрики ===
CPU: 0.6%
RAM: 42.7 MB
Диск чтение: 1.6 MB
Диск запись: 0.3 MB
Сеть входящий: 10.9 MB
Сеть исходящий: 31.8 MB
Потоки: 8
Время работы: 2.5 мин
2024-12-10 02:25:31,522 | === Текущие метрики ===
CPU: 0.0%
RAM: 42.7 MB
Диск чтение: 1.6 MB
Диск запись: 0.3 MB
Сеть входящий: 12.2 MB
Сеть исходящий: 34.2 MB
Потоки: 8
Время работы: 2.7 мин
2024-12-10 02:25:41,526 | === Текущие метрики ===
CPU: 1.2%
RAM: 42.9 MB
Диск чтение: 1.6 MB
Диск запись: 0.3 MB
Сеть входящий: 12.3 MB
Сеть исходящий: 35.5 MB
Потоки: 8
Время работы: 2.8 мин
2024-12-10 02:25:51,554 | === Текущие метрики ===
CPU: 0.6%
RAM: 43.1 MB
Диск чтение: 1.6 MB
Диск запись: 0.3 MB
Сеть входящий: 14.9 MB
Сеть исходящий: 38.5 MB
Потоки: 8
Время работы: 3.0 мин
2024-12-10 02:26:01,583 | === Текущие метрики ===
CPU: 0.0%
RAM: 43.1 MB
Диск чтение: 1.6 MB
Диск запись: 0.3 MB
Сеть входящий: 21.7 MB
Сеть исходящий: 40.7 MB
Потоки: 8
Время работы: 3.2 мин
2024-12-10 02:26:11,610 | === Текущие метрики ===
CPU: 0.3%
RAM: 43.4 MB
Диск чтение: 1.7 MB
Диск запись: 0.4 MB
Сеть входящий: 23.1 MB
Сеть исходящий: 43.6 MB
Потоки: 8
Время работы: 3.4 мин
2024-12-10 02:26:21,650 | === Текущие метрики ===
CPU: 1.1%
RAM: 43.7 MB
Диск чтение: 1.7 MB
Диск запись: 0.4 MB
Сеть входящий: 23.3 MB
Сеть исходящий: 46.0 MB
Потоки: 8
Время работы: 3.5 мин
2024-12-10 02:26:31,675 | === Текущие метрики ===
CPU: 0.2%
RAM: 43.7 MB
Диск чтение: 1.7 MB
Диск запись: 0.4 MB
Сеть входящий: 23.4 MB
Сеть исходящий: 47.9 MB
Потоки: 8
Время работы: 3.7 мин
2024-12-10 02:26:41,700 | === Текущие метрики ===
CPU: 1.2%
RAM: 43.9 MB
Диск чтение: 1.7 MB
Диск запись: 0.4 MB
Сеть входящий: 24.6 MB
Сеть исходящий: 51.1 MB
Потоки: 8
Время работы: 3.9 мин
2024-12-10 02:26:51,723 | === Текущие метрики ===
CPU: 0.6%
RAM: 44.2 MB
Диск чтение: 1.8 MB
Диск запись: 0.4 MB
Сеть входящий: 24.9 MB
Сеть исходящий: 53.1 MB
Потоки: 8
Время работы: 4.0 мин
2024-12-10 02:27:01,749 | === Текущие метрики ===
CPU: 0.0%
RAM: 44.2 MB
Диск чтение: 1.8 MB
Диск запись: 0.4 MB
Сеть входящий: 25.1 MB
Сеть исходящий: 55.4 MB
Потоки: 8
Время работы: 4.2 мин
2024-12-10 02:27:11,764 | === Текущие метрики ===
CPU: 0.3%
RAM: 44.5 MB
Диск чтение: 1.8 MB
Диск запись: 0.5 MB
Сеть входящий: 25.2 MB
Сеть исходящий: 57.5 MB
Потоки: 8
Время работы: 4.4 мин
2024-12-10 02:27:21,801 | === Текущие метрики ===
CPU: 0.5%
RAM: 44.6 MB
Диск чтение: 1.8 MB
Диск запись: 0.5 MB
Сеть входящий: 25.4 MB
Сеть исходящий: 60.4 MB
Потоки: 8
Время работы: 4.5 мин
2024-12-10 02:27:31,811 | === Текущие метрики ===
CPU: 0.2%
RAM: 44.7 MB
Диск чтение: 1.9 MB
Диск запись: 0.5 MB
Сеть входящий: 25.5 MB
Сеть исходящий: 62.0 MB
Потоки: 8
Время работы: 4.7 мин
2024-12-10 02:27:41,824 | === Текущие метрики ===
CPU: 0.3%
RAM: 44.8 MB
Диск чтение: 1.9 MB
Диск запись: 0.5 MB
Сеть входящий: 25.6 MB
Сеть исходящий: 63.8 MB
Потоки: 8
Время работы: 4.9 мин
2024-12-10 02:27:51,855 | === Текущие метрики ===
CPU: 2.2%
RAM: 45.2 MB
Диск чтение: 1.9 MB
Диск запись: 0.5 MB
Сеть входящий: 26.2 MB
Сеть исходящий: 66.8 MB
Потоки: 8
Время работы: 5.0 мин
2024-12-10 02:28:01,866 | === Текущие метрики ===
CPU: 1.4%
RAM: 45.5 MB
Диск чтение: 1.9 MB
Диск запись: 0.6 MB
Сеть входящий: 26.5 MB
Сеть исходящий: 69.2 MB
Потоки: 8
Время работы: 5.2 мин
2024-12-10 02:28:11,880 | === Текущие метрики ===
CPU: 0.2%
RAM: 45.5 MB
Диск чтение: 2.0 MB
Диск запись: 0.6 MB
Сеть входящий: 30.6 MB
Сеть исходящий: 72.1 MB
Потоки: 8
Время работы: 5.4 мин
2024-12-10 02:28:21,893 | === Текущие метрики ===
CPU: 0.3%
RAM: 45.7 MB
Диск чтение: 2.0 MB
Диск запись: 0.6 MB
Сеть входящий: 32.8 MB
Сеть исходящий: 73.9 MB
Потоки: 8
Время работы: 5.5 мин
2024-12-10 02:28:31,925 | === Текущие метрики ===
CPU: 1.1%
RAM: 46.0 MB
Диск чтение: 2.0 MB
Диск запись: 0.6 MB
Сеть входящий: 33.6 MB
Сеть исходящий: 79.7 MB
Потоки: 8
Время работы: 5.7 мин
2024-12-10 02:28:41,929 | === Текущие метрики ===
CPU: 0.0%
RAM: 45.9 MB
Диск чтение: 2.0 MB
Диск запись: 0.6 MB
Сеть входящий: 34.0 MB
Сеть исходящий: 82.4 MB
Потоки: 8
Время работы: 5.9 мин
2024-12-10 02:28:51,949 | === Текущие метрики ===
CPU: 0.8%
RAM: 46.2 MB
Диск чтение: 2.1 MB
Диск запись: 0.6 MB
Сеть входящий: 34.1 MB
Сеть исходящий: 84.6 MB
Потоки: 8
Время работы: 6.0 мин
2024-12-10 02:29:01,973 | === Текущие метрики ===
CPU: 0.3%
RAM: 46.5 MB
Диск чтение: 2.1 MB
Диск запись: 0.7 MB
Сеть входящий: 34.3 MB
Сеть исходящий: 87.7 MB
Потоки: 8
Время работы: 6.2 мин
2024-12-10 02:29:11,992 | === Текущие метрики ===
CPU: 0.6%
RAM: 46.5 MB
Диск чтение: 2.1 MB
Диск запись: 0.7 MB
Сеть входящий: 34.4 MB
Сеть исходящий: 89.7 MB
Потоки: 7
Время работы: 6.4 мин
2024-12-10 02:29:22,010 | === Текущие метрики ===
CPU: 0.9%
RAM: 46.7 MB
Диск чтение: 2.1 MB
Диск запись: 0.7 MB
Сеть входящий: 34.6 MB
Сеть исходящий: 91.8 MB
Потоки: 7
Время работы: 6.5 мин
2024-12-10 02:29:32,024 | === Текущие метрики ===
CPU: 0.6%
RAM: 47.0 MB
Диск чтение: 2.2 MB
Диск запись: 0.7 MB
Сеть входящий: 34.8 MB
Сеть исходящий: 95.5 MB
Потоки: 7
Время работы: 6.7 мин
2024-12-10 02:29:42,046 | === Текущие метрики ===
CPU: 0.0%
RAM: 47.0 MB
Диск чтение: 2.2 MB
Диск запись: 0.7 MB
Сеть входящий: 34.9 MB
Сеть исходящий: 97.5 MB
Потоки: 7
Время работы: 6.9 мин
2024-12-10 02:29:52,062 | === Текущие метрики ===
CPU: 0.8%
RAM: 47.3 MB
Диск чтение: 2.2 MB
Диск запись: 0.7 MB
Сеть входящий: 35.0 MB
Сеть исходящий: 100.2 MB
Потоки: 7
Время работы: 7.0 мин
2024-12-10 02:30:02,094 | === Текущие метрики ===
CPU: 0.8%
RAM: 47.5 MB
Диск чтение: 2.2 MB
Диск запись: 0.8 MB
Сеть входящий: 35.1 MB
Сеть исходящий: 101.5 MB
Потоки: 7
Время работы: 7.2 мин
2024-12-10 02:30:12,127 | === Текущие метрики ===
CPU: 0.2%
RAM: 47.6 MB
Диск чтение: 2.3 MB
Диск запись: 0.8 MB
Сеть входящий: 35.3 MB
Сеть исходящий: 104.0 MB
Потоки: 7
Время работы: 7.4 мин
2024-12-10 02:30:22,143 | === Текущие метрики ===
CPU: 0.0%
RAM: 47.6 MB
Диск чтение: 2.3 MB
Диск запись: 0.8 MB
Сеть входящий: 35.4 MB
Сеть исходящий: 105.8 MB
Потоки: 7
Время работы: 7.5 мин
2024-12-10 02:30:32,172 | === Текущие метрики ===
CPU: 1.1%
RAM: 47.8 MB
Диск чтение: 2.3 MB
Диск запись: 0.8 MB
Сеть входящий: 35.5 MB
Сеть исходящий: 109.0 MB
Потоки: 7
Время работы: 7.7 мин
2024-12-10 02:30:42,203 | === Текущие метрики ===
CPU: 0.9%
RAM: 48.0 MB
Диск чтение: 2.3 MB
Диск запись: 0.8 MB
Сеть входящий: 35.7 MB
Сеть исходящий: 111.6 MB
Потоки: 7
Время работы: 7.9 мин
2024-12-10 02:30:52,240 | === Текущие метрики ===
CPU: 0.0%
RAM: 48.0 MB
Диск чтение: 2.3 MB
Диск запись: 0.8 MB
Сеть входящий: 35.9 MB
Сеть исходящий: 116.3 MB
Потоки: 7
Время работы: 8.0 мин
2024-12-10 02:31:02,261 | === Текущие метрики ===
CPU: 1.6%
RAM: 48.3 MB
Диск чтение: 2.4 MB
Диск запись: 0.9 MB
Сеть входящий: 36.1 MB
Сеть исходящий: 118.4 MB
Потоки: 7
Время работы: 8.2 мин
2024-12-10 02:31:12,275 | === Текущие метрики ===
CPU: 0.3%
RAM: 48.5 MB
Диск чтение: 2.4 MB
Диск запись: 0.9 MB
Сеть входящий: 36.3 MB
Сеть исходящий: 121.8 MB
Потоки: 7
Время работы: 8.4 мин
2024-12-10 02:31:22,286 | === Текущие метрики ===
CPU: 0.0%
RAM: 48.5 MB
Диск чтение: 2.4 MB
Диск запись: 0.9 MB
Сеть входящий: 36.4 MB
Сеть исходящий: 124.3 MB
Потоки: 7
Время работы: 8.5 мин
2024-12-10 02:31:32,289 | === Текущие метрики ===
CPU: 0.0%
RAM: 48.8 MB
Диск чтение: 2.4 MB
Диск запись: 0.9 MB
Сеть входящий: 36.6 MB
Сеть исходящий: 127.7 MB
Потоки: 7
Время работы: 8.7 мин
2024-12-10 02:31:42,289 | === Текущие метрики ===
CPU: 0.9%
RAM: 49.0 MB
Диск чтение: 2.5 MB
Диск запись: 0.9 MB
Сеть входящий: 36.7 MB
Сеть исходящий: 131.1 MB
Потоки: 7
Время работы: 8.9 мин
2024-12-10 02:31:52,292 | === Текущие метрики ===
CPU: 0.0%
RAM: 49.0 MB
Диск чтение: 2.5 MB
Диск запись: 0.9 MB
Сеть входящий: 36.9 MB
Сеть исходящий: 132.7 MB
Потоки: 7
Время работы: 9.0 мин
2024-12-10 02:32:02,288 | === Текущие метрики ===
CPU: 0.0%
RAM: 49.3 MB
Диск чтение: 2.5 MB
Диск запись: 1.0 MB
Сеть входящий: 37.0 MB
Сеть исходящий: 135.6 MB
Потоки: 7
Время работы: 9.2 мин
2024-12-10 02:32:12,306 | === Текущие метрики ===
CPU: 0.6%
RAM: 49.5 MB
Диск чтение: 2.5 MB
Диск запись: 1.0 MB
Сеть входящий: 39.6 MB
Сеть исходящий: 138.2 MB
Потоки: 7
Время работы: 9.4 мин
2024-12-10 02:32:22,310 | === Текущие метрики ===
CPU: 0.2%
RAM: 49.6 MB
Диск чтение: 2.5 MB
Диск запись: 1.0 MB
Сеть входящий: 39.7 MB
Сеть исходящий: 140.8 MB
Потоки: 7
Время работы: 9.5 мин
2024-12-10 02:32:32,353 | === Текущие метрики ===
CPU: 0.6%
RAM: 49.8 MB
Диск чтение: 2.6 MB
Диск запись: 1.0 MB
Сеть входящий: 39.9 MB
Сеть исходящий: 144.1 MB
Потоки: 7
Время работы: 9.7 мин
2024-12-10 02:32:42,376 | === Текущие метрики ===
CPU: 0.8%
RAM: 50.1 MB
Диск чтение: 2.6 MB
Диск запись: 1.0 MB
Сеть входящий: 40.1 MB
Сеть исходящий: 146.8 MB
Потоки: 7
Время работы: 9.9 мин
2024-12-10 02:32:52,405 | 
=== ИТОГОВОЕ ПОТРЕБЛЕНИЕ РЕСУРСОВ ===
Время работы: 0.17 часов
CPU время: 3.5 сек
Пиковая RAM: 50.1 MB
Диск чтение: 2.6 MB
Диск запись: 1.1 MB
Сеть входящий: 40.3 MB
Сеть исходящий: 151.1 MB
Финальное число потоков: 7
2024-12-10 02:32:52,684 | Тест завершен
