2024-12-10 02:02:12,515 | Запускаем тест потребления ресурсов
2024-12-10 02:02:12,516 | Начинаем мониторинг ресурсов
2024-12-10 02:02:22,244 | === Текущие метрики ===
Память: 39.0 MB
2024-12-10 02:02:32,251 | === Текущие метрики ===
Память: 39.2 MB
2024-12-10 02:02:42,259 | === Текущие метрики ===
Память: 39.6 MB
2024-12-10 02:02:52,260 | === Текущие метрики ===
Память: 39.8 MB
2024-12-10 02:03:02,275 | === Текущие метрики ===
Память: 39.9 MB
2024-12-10 02:03:12,278 | === Текущие метрики ===
Память: 40.1 MB
2024-12-10 02:03:22,284 | === Текущие метрики ===
Память: 40.3 MB
2024-12-10 02:03:32,285 | === Текущие метрики ===
Память: 40.3 MB
2024-12-10 02:03:32,803 | 
=== ОБЩЕЕ ПОТРЕБЛЕНИЕ РЕСУРСОВ ЗА ПЕРИОД ===
Время работы: 0.02 часов
Процессорное время: 0.4 секунд
Чтение с диска: 1.4 MB
Запись на диск: 0.1 MB
Пиковое потребление памяти: 40.4 MB
2024-12-10 02:03:32,889 | Тест завершен
